<?xml version="1.0" encoding="UTF-8"?>
<!-- Generated by org.testng.reporters.JUnitReportReporter -->
<testsuite hostname="LAPTOP-IQETN2RT" failures="0" tests="1" name="com.QOBOX.web.bdd.screens.Pcloudy" time="25.989" errors="0" timestamp="2024-03-25T16:42:39 IST" skipped="0">
  <testcase classname="com.QOBOX.web.bdd.screens.Pcloudy" name="pcloudy" time="25.989"/>
</testsuite> <!-- com.QOBOX.web.bdd.screens.Pcloudy -->
